<?xml version="1.0" encoding="UTF-8"?>
<testsuites>
  <testsuite name="" tests="6" assertions="42" errors="0" warnings="0" failures="0" skipped="0" time="0.005170">
    <testsuite name="Float Tests" tests="6" assertions="42" errors="0" warnings="0" failures="0" skipped="0" time="0.005170">
      <testsuite name="Vivarium\Float\Test\NearlyEqualsTest" file="/home/luca/Workspace/vivarium/float/tests/NearlyEqualsTest.php" tests="6" assertions="42" errors="0" warnings="0" failures="0" skipped="0" time="0.005170">
        <testcase name="testBigNumbers" class="Vivarium\Float\Test\NearlyEqualsTest" classname="Vivarium.Float.Test.NearlyEqualsTest" file="/home/luca/Workspace/vivarium/float/tests/NearlyEqualsTest.php" line="28" assertions="8" time="0.002962"/>
        <testcase name="testMidNumbers" class="Vivarium\Float\Test\NearlyEqualsTest" classname="Vivarium.Float.Test.NearlyEqualsTest" file="/home/luca/Workspace/vivarium/float/tests/NearlyEqualsTest.php" line="47" assertions="8" time="0.000466"/>
        <testcase name="testSmallNumbers" class="Vivarium\Float\Test\NearlyEqualsTest" classname="Vivarium.Float.Test.NearlyEqualsTest" file="/home/luca/Workspace/vivarium/float/tests/NearlyEqualsTest.php" line="66" assertions="8" time="0.000470"/>
        <testcase name="testSmallDiffs" class="Vivarium\Float\Test\NearlyEqualsTest" classname="Vivarium.Float.Test.NearlyEqualsTest" file="/home/luca/Workspace/vivarium/float/tests/NearlyEqualsTest.php" line="85" assertions="2" time="0.000355"/>
        <testcase name="testInvolvingZero" class="Vivarium\Float\Test\NearlyEqualsTest" classname="Vivarium.Float.Test.NearlyEqualsTest" file="/home/luca/Workspace/vivarium/float/tests/NearlyEqualsTest.php" line="97" assertions="15" time="0.000523"/>
        <testcase name="testMutants" class="Vivarium\Float\Test\NearlyEqualsTest" classname="Vivarium.Float.Test.NearlyEqualsTest" file="/home/luca/Workspace/vivarium/float/tests/NearlyEqualsTest.php" line="125" assertions="1" time="0.000395"/>
      </testsuite>
    </testsuite>
  </testsuite>
</testsuites>
